E:\Program Files\Microsoft Visual Studio\2022\Community\MSBuild\Microsoft\VC\v170\Microsoft.CppBuild.targets(510,5): warning MSB8028: The intermediate directory (x64\Debug\) contains files shared from another project (BrokeEngine.vcxproj).  This can lead to incorrect clean and rebuild behavior.
  Source.cpp
E:\PA9\PA9\Source.cpp(153,34): warning C4305: 'argument': truncation from 'double' to 'GLfloat'
E:\PA9\PA9\Source.cpp(234,16): warning C4244: '=': conversion from 'int' to 'float', possible loss of data
E:\PA9\PA9\Source.cpp(235,17): warning C4244: '=': conversion from 'int' to 'float', possible loss of data
E:\PA9\PA9\Source.cpp(239,50): warning C4305: 'argument': truncation from 'double' to 'T'
          with
          [
              T=float
          ]
E:\PA9\PA9\Source.cpp(313,35): warning C4244: 'argument': conversion from 'double' to 'float', possible loss of data
E:\PA9\PA9\Source.cpp(317,19): warning C4244: 'initializing': conversion from 'time_t' to 'int', possible loss of data
E:\PA9\PA9\Source.cpp(54,15): warning C4101: 'EBO': unreferenced local variable
E:\PA9\PA9\Source.cpp(57,15): warning C4101: 'shaderProgram': unreferenced local variable
E:\PA9\PA9\Source.cpp(56,15): warning C4101: 'fragmentShader': unreferenced local variable
E:\PA9\PA9\Source.cpp(55,15): warning C4101: 'vertexShader': unreferenced local variable
E:\PA9\PA9\Source.cpp(372,33): warning C4244: 'initializing': conversion from 'double' to 'float', possible loss of data
E:\PA9\PA9\Source.cpp(372,26): warning C4244: 'initializing': conversion from 'double' to 'const float', possible loss of data
E:\PA9\PA9\Source.cpp(429,11): warning C4244: '=': conversion from 'double' to 'float', possible loss of data
E:\PA9\PA9\Source.cpp(430,11): warning C4244: '=': conversion from 'double' to 'float', possible loss of data
E:\PA9\PA9\Source.cpp(433,16): warning C4244: 'initializing': conversion from 'double' to 'float', possible loss of data
E:\PA9\PA9\Source.cpp(434,16): warning C4244: 'initializing': conversion from 'double' to 'float', possible loss of data
E:\PA9\PA9\Source.cpp(435,10): warning C4244: '=': conversion from 'double' to 'float', possible loss of data
E:\PA9\PA9\Source.cpp(436,10): warning C4244: '=': conversion from 'double' to 'float', possible loss of data
  BrokeEngine.vcxproj -> E:\PA9\x64\Debug\PA9.exe
